<?xml version="1.0" encoding="UTF-8"?>
<!-- Generated by org.testng.reporters.JUnitReportReporter -->
<testsuite skipped="0" hostname="GanesH" name="runner.RunTest" tests="1" failures="0" timestamp="24 Jan 2024 06:59:36 GMT" time="31.980" errors="0">
  <testcase name="runScenario" time="31.980" classname="runner.RunTest"/>
</testsuite> <!-- runner.RunTest -->
